Arguments: 
  C:\Program Files\nodejs\node.exe C:\Program Files (x86)\Yarn\bin\yarn.js add axios

PATH: 
  C:\Program Files\Git\mingw64\bin;C:\Program Files\Git\usr\bin;C:\Users\Oriol\bin;C:\Program Files (x86)\Common Files\Oracle\Java\javapath;C:\ProgramData\Oracle\Java\javapath;C:\Program Files\Microsoft MPI\Bin;C:\Program Files (x86)\Intel\iCLS Client;C:\Program Files\Intel\iCLS Client;C:\Windows\system32;C:\Windows;C:\Windows\System32\Wbem;C:\Windows\System32\WindowsPowerShell\v1.0;C:\Program Files (x86)\Intel\Intel(R) Management Engine Components\DAL;C:\Program Files\Intel\Intel(R) Management Engine Components\DAL;C:\Program Files (x86)\Intel\Intel(R) Management Engine Components\IPT;C:\Program Files\Intel\Intel(R) Management Engine Components\IPT;C:\Program Files (x86)\NVIDIA Corporation\PhysX\Common;C:\WINDOWS\system32;C:\WINDOWS;C:\WINDOWS\System32\Wbem;C:\WINDOWS\System32\WindowsPowerShell\v1.0;C:\Program Files\Microsoft SQL Server\130\Tools\Binn;C:\Program Files (x86)\Microsoft SQL Server\140\Tools\Binn;C:\Program Files\Microsoft SQL Server\Client SDK\ODBC\130\Tools\Binn;C:\Program Files\Microsoft\Web Platform Installer;C:\Program Files\dotnet;C:\ProgramData\chocolatey\bin;C:\Gradle\bin;C:\Gradle\gradle-4.6\bin;C:\Program Files\Microsoft SQL Server\140\Tools\Binn;C:\Program Files\Microsoft SQL Server\140\DTS\Binn;C:\WINDOWS\System32\OpenSSH;C:\Program Files\Microsoft VS Code\bin;C:\Program Files\Git\cmd;C:\Program Files (x86)\Yarn\bin;C:\Program Files\nodejs;C:\Program Files\Microsoft SQL Server\Client SDK\ODBC\170\Tools\Binn;C:\Program Files (x86)\Microsoft SQL Server\Client SDK\ODBC\130\Tools\Binn;C:\Program Files (x86)\Microsoft SQL Server\140\DTS\Binn;C:\Program Files (x86)\Microsoft SQL Server\140\Tools\Binn\ManagementStudio;C:\Program Files\Intel\WiFi\bin;C:\Program Files\Common Files\Intel\WirelessCommon;C:\Users\Oriol\AppData\Local\Microsoft\WindowsApps;C:\Program Files\Microsoft VS Code\bin;C:\tools\gittfs;C:\Users\Oriol\AppData\Local\GitHubDesktop\bin;C:\Gradle\gradle-4.6\bin;C:\FXStreet;C:\Users\Oriol\AppData\Local\Microsoft\WindowsApps;C:\Users\Oriol\AppData\Local\Programs\Microsoft VS Code\bin;C:\Users\Oriol\AppData\Local\Yarn\bin;C:\Users\Oriol\AppData\Roaming\npm

Yarn version: 
  1.13.0

Node version: 
  10.15.2

Platform: 
  win32 x64

Trace: 
  Error: EPERM: operation not permitted, unlink 'C:\Users\Oriol\source\repos\scrapper\node_modules\puppeteer\.local-chromium\win64-722234\chrome-win\chrome.exe'

npm manifest: 
  {
    "name": "scrapper",
    "version": "1.0.0",
    "description": "",
    "main": "app.js",
    "dependencies": {
      "body-parser": "^1.19.0",
      "ejs": "^3.0.2",
      "express": "^4.17.1",
      "mongodb": "^3.5.4",
      "node-fetch": "^2.6.0",
      "nodemon": "^2.0.2",
      "psl": "^1.7.0",
      "puppeteer": "^2.1.1",
      "request": "^2.88.2",
      "string-extract-class-names": "^5.9.18"
    },
    "devDependencies": {
      "mocha": "^7.1.1"
    },
    "scripts": {
      "test": "mocha",
      "start": "node server.js",
      "dev": "./node_modules/.bin/nodemon server.js"
    },
    "repository": {
      "type": "git",
      "url": "git+https://github.com/frontend-fxs/scrapper.git"
    },
    "author": "",
    "license": "ISC",
    "bugs": {
      "url": "https://github.com/frontend-fxs/scrapper/issues"
    },
    "homepage": "https://github.com/frontend-fxs/scrapper#readme"
  }

yarn manifest: 
  No manifest

Lockfile: 
  No lockfile
